<?xml version="1.0" encoding="UTF-8"?>
<testsuite xmlns:xsi="http://www.w3.org/2001/XMLSchema-instance" xsi:noNamespaceSchemaLocation="https://maven.apache.org/surefire/maven-surefire-plugin/xsd/surefire-test-report.xsd" name="TestSuite" time="170.102" tests="2" errors="0" skipped="0" failures="0">
  <properties>
    <property name="gopherProxySet" value="false"/>
    <property name="awt.toolkit" value="sun.lwawt.macosx.LWCToolkit"/>
    <property name="java.specification.version" value="10"/>
    <property name="file.encoding.pkg" value="sun.io"/>
    <property name="sun.cpu.isalist" value=""/>
    <property name="sun.jnu.encoding" value="UTF-8"/>
    <property name="java.class.path" value="/Users/sandeshkini/git/createTrip/CreateTrip/target/test-classes:/Users/sandeshkini/git/createTrip/CreateTrip/target/classes:/Users/sandeshkini/.m2/repository/org/testng/testng/6.11/testng-6.11.jar:/Users/sandeshkini/.m2/repository/com/beust/jcommander/1.64/jcommander-1.64.jar:/Users/sandeshkini/.m2/repository/org/yaml/snakeyaml/1.17/snakeyaml-1.17.jar:/Users/sandeshkini/.m2/repository/org/seleniumhq/selenium/selenium-java/3.4.0/selenium-java-3.4.0.jar:/Users/sandeshkini/.m2/repository/org/seleniumhq/selenium/selenium-api/3.4.0/selenium-api-3.4.0.jar:/Users/sandeshkini/.m2/repository/org/seleniumhq/selenium/selenium-chrome-driver/3.4.0/selenium-chrome-driver-3.4.0.jar:/Users/sandeshkini/.m2/repository/org/seleniumhq/selenium/selenium-edge-driver/3.4.0/selenium-edge-driver-3.4.0.jar:/Users/sandeshkini/.m2/repository/org/seleniumhq/selenium/selenium-firefox-driver/3.4.0/selenium-firefox-driver-3.4.0.jar:/Users/sandeshkini/.m2/repository/org/seleniumhq/selenium/selenium-ie-driver/3.4.0/selenium-ie-driver-3.4.0.jar:/Users/sandeshkini/.m2/repository/org/seleniumhq/selenium/selenium-opera-driver/3.4.0/selenium-opera-driver-3.4.0.jar:/Users/sandeshkini/.m2/repository/org/seleniumhq/selenium/selenium-remote-driver/3.4.0/selenium-remote-driver-3.4.0.jar:/Users/sandeshkini/.m2/repository/org/seleniumhq/selenium/selenium-safari-driver/3.4.0/selenium-safari-driver-3.4.0.jar:/Users/sandeshkini/.m2/repository/org/seleniumhq/selenium/selenium-support/3.4.0/selenium-support-3.4.0.jar:/Users/sandeshkini/.m2/repository/cglib/cglib-nodep/3.2.4/cglib-nodep-3.2.4.jar:/Users/sandeshkini/.m2/repository/org/apache/commons/commons-exec/1.3/commons-exec-1.3.jar:/Users/sandeshkini/.m2/repository/commons-codec/commons-codec/1.10/commons-codec-1.10.jar:/Users/sandeshkini/.m2/repository/commons-io/commons-io/2.5/commons-io-2.5.jar:/Users/sandeshkini/.m2/repository/commons-logging/commons-logging/1.2/commons-logging-1.2.jar:/Users/sandeshkini/.m2/repository/org/w3c/css/sac/1.3/sac-1.3.jar:/Users/sandeshkini/.m2/repository/net/sourceforge/cssparser/cssparser/0.9.22/cssparser-0.9.22.jar:/Users/sandeshkini/.m2/repository/com/google/code/gson/gson/2.8.0/gson-2.8.0.jar:/Users/sandeshkini/.m2/repository/com/google/guava/guava/21.0/guava-21.0.jar:/Users/sandeshkini/.m2/repository/org/hamcrest/hamcrest-core/1.3/hamcrest-core-1.3.jar:/Users/sandeshkini/.m2/repository/net/sourceforge/htmlunit/htmlunit/2.26/htmlunit-2.26.jar:/Users/sandeshkini/.m2/repository/net/sourceforge/htmlunit/htmlunit-core-js/2.26/htmlunit-core-js-2.26.jar:/Users/sandeshkini/.m2/repository/net/sourceforge/htmlunit/neko-htmlunit/2.25/neko-htmlunit-2.25.jar:/Users/sandeshkini/.m2/repository/org/apache/httpcomponents/httpclient/4.5.3/httpclient-4.5.3.jar:/Users/sandeshkini/.m2/repository/org/apache/httpcomponents/httpcore/4.4.6/httpcore-4.4.6.jar:/Users/sandeshkini/.m2/repository/org/apache/httpcomponents/httpmime/4.5.3/httpmime-4.5.3.jar:/Users/sandeshkini/.m2/repository/org/eclipse/jetty/jetty-io/9.4.1.v20170120/jetty-io-9.4.1.v20170120.jar:/Users/sandeshkini/.m2/repository/org/eclipse/jetty/jetty-util/9.4.1.v20170120/jetty-util-9.4.1.v20170120.jar:/Users/sandeshkini/.m2/repository/net/java/dev/jna/jna/4.1.0/jna-4.1.0.jar:/Users/sandeshkini/.m2/repository/net/java/dev/jna/jna-platform/4.1.0/jna-platform-4.1.0.jar:/Users/sandeshkini/.m2/repository/com/codeborne/phantomjsdriver/1.4.0/phantomjsdriver-1.4.0.jar:/Users/sandeshkini/.m2/repository/org/seleniumhq/selenium/htmlunit-driver/2.26/htmlunit-driver-2.26.jar:/Users/sandeshkini/.m2/repository/javax/servlet/javax.servlet-api/3.1.0/javax.servlet-api-3.1.0.jar:/Users/sandeshkini/.m2/repository/org/eclipse/jetty/websocket/websocket-api/9.4.3.v20170317/websocket-api-9.4.3.v20170317.jar:/Users/sandeshkini/.m2/repository/org/eclipse/jetty/websocket/websocket-client/9.4.3.v20170317/websocket-client-9.4.3.v20170317.jar:/Users/sandeshkini/.m2/repository/org/eclipse/jetty/jetty-client/9.4.3.v20170317/jetty-client-9.4.3.v20170317.jar:/Users/sandeshkini/.m2/repository/org/eclipse/jetty/jetty-http/9.4.3.v20170317/jetty-http-9.4.3.v20170317.jar:/Users/sandeshkini/.m2/repository/org/eclipse/jetty/websocket/websocket-common/9.4.3.v20170317/websocket-common-9.4.3.v20170317.jar:/Users/sandeshkini/.m2/repository/xalan/serializer/2.7.2/serializer-2.7.2.jar:/Users/sandeshkini/.m2/repository/xalan/xalan/2.7.2/xalan-2.7.2.jar:/Users/sandeshkini/.m2/repository/xerces/xercesImpl/2.11.0/xercesImpl-2.11.0.jar:/Users/sandeshkini/.m2/repository/xml-apis/xml-apis/1.4.01/xml-apis-1.4.01.jar:/Users/sandeshkini/.m2/repository/org/apache/poi/poi-ooxml/3.16/poi-ooxml-3.16.jar:/Users/sandeshkini/.m2/repository/org/apache/poi/poi/3.16/poi-3.16.jar:/Users/sandeshkini/.m2/repository/org/apache/commons/commons-collections4/4.1/commons-collections4-4.1.jar:/Users/sandeshkini/.m2/repository/org/apache/poi/poi-ooxml-schemas/3.16/poi-ooxml-schemas-3.16.jar:/Users/sandeshkini/.m2/repository/org/apache/xmlbeans/xmlbeans/2.6.0/xmlbeans-2.6.0.jar:/Users/sandeshkini/.m2/repository/stax/stax-api/1.0.1/stax-api-1.0.1.jar:/Users/sandeshkini/.m2/repository/com/github/virtuald/curvesapi/1.04/curvesapi-1.04.jar:/Users/sandeshkini/.m2/repository/org/apache/commons/commons-lang3/3.7/commons-lang3-3.7.jar:/Users/sandeshkini/.m2/repository/org/apache/commons/commons-email/1.5/commons-email-1.5.jar:/Users/sandeshkini/.m2/repository/com/sun/mail/javax.mail/1.5.6/javax.mail-1.5.6.jar:/Users/sandeshkini/.m2/repository/javax/activation/activation/1.1/activation-1.1.jar:/Users/sandeshkini/.m2/repository/net/sourceforge/jexcelapi/jxl/2.6.12/jxl-2.6.12.jar:/Users/sandeshkini/.m2/repository/junit/junit/3.8.1/junit-3.8.1.jar:/Users/sandeshkini/.m2/repository/com/relevantcodes/extentreports/2.41.2/extentreports-2.41.2.jar:/Users/sandeshkini/.m2/repository/org/jsoup/jsoup/1.8.3/jsoup-1.8.3.jar:/Users/sandeshkini/.m2/repository/org/xerial/sqlite-jdbc/3.8.11.1/sqlite-jdbc-3.8.11.1.jar:/Users/sandeshkini/.m2/repository/org/freemarker/freemarker/2.3.23/freemarker-2.3.23.jar:/Users/sandeshkini/.m2/repository/org/mongodb/mongodb-driver/3.0.4/mongodb-driver-3.0.4.jar:/Users/sandeshkini/.m2/repository/org/mongodb/bson/3.0.4/bson-3.0.4.jar:/Users/sandeshkini/.m2/repository/org/mongodb/mongodb-driver-core/3.0.4/mongodb-driver-core-3.0.4.jar:/Users/sandeshkini/.m2/repository/log4j/log4j/1.2.17/log4j-1.2.17.jar:"/>
    <property name="java.vm.vendor" value="&quot;Oracle Corporation&quot;"/>
    <property name="sun.arch.data.model" value="64"/>
    <property name="java.vendor.url" value="http://java.oracle.com/"/>
    <property name="user.timezone" value=""/>
    <property name="java.vm.specification.version" value="10"/>
    <property name="os.name" value="Mac OS X"/>
    <property name="sun.java.launcher" value="SUN_STANDARD"/>
    <property name="user.country" value="IN"/>
    <property name="sun.boot.library.path" value="/Library/Java/JavaVirtualMachines/jdk-10.0.2.jdk/Contents/Home/lib"/>
    <property name="sun.java.command" value="/Users/sandeshkini/git/createTrip/CreateTrip/target/surefire/surefirebooter15317293620619372031.jar /Users/sandeshkini/git/createTrip/CreateTrip/target/surefire 2019-02-25T10-28-24_165-jvmRun1 surefire3123268601196177207tmp surefire_013323453879258153857tmp"/>
    <property name="http.nonProxyHosts" value="local|*.local|169.254/16|*.169.254/16"/>
    <property name="jdk.debug" value="release"/>
    <property name="surefire.test.class.path" value="/Users/sandeshkini/git/createTrip/CreateTrip/target/test-classes:/Users/sandeshkini/git/createTrip/CreateTrip/target/classes:/Users/sandeshkini/.m2/repository/org/testng/testng/6.11/testng-6.11.jar:/Users/sandeshkini/.m2/repository/com/beust/jcommander/1.64/jcommander-1.64.jar:/Users/sandeshkini/.m2/repository/org/yaml/snakeyaml/1.17/snakeyaml-1.17.jar:/Users/sandeshkini/.m2/repository/org/seleniumhq/selenium/selenium-java/3.4.0/selenium-java-3.4.0.jar:/Users/sandeshkini/.m2/repository/org/seleniumhq/selenium/selenium-api/3.4.0/selenium-api-3.4.0.jar:/Users/sandeshkini/.m2/repository/org/seleniumhq/selenium/selenium-chrome-driver/3.4.0/selenium-chrome-driver-3.4.0.jar:/Users/sandeshkini/.m2/repository/org/seleniumhq/selenium/selenium-edge-driver/3.4.0/selenium-edge-driver-3.4.0.jar:/Users/sandeshkini/.m2/repository/org/seleniumhq/selenium/selenium-firefox-driver/3.4.0/selenium-firefox-driver-3.4.0.jar:/Users/sandeshkini/.m2/repository/org/seleniumhq/selenium/selenium-ie-driver/3.4.0/selenium-ie-driver-3.4.0.jar:/Users/sandeshkini/.m2/repository/org/seleniumhq/selenium/selenium-opera-driver/3.4.0/selenium-opera-driver-3.4.0.jar:/Users/sandeshkini/.m2/repository/org/seleniumhq/selenium/selenium-remote-driver/3.4.0/selenium-remote-driver-3.4.0.jar:/Users/sandeshkini/.m2/repository/org/seleniumhq/selenium/selenium-safari-driver/3.4.0/selenium-safari-driver-3.4.0.jar:/Users/sandeshkini/.m2/repository/org/seleniumhq/selenium/selenium-support/3.4.0/selenium-support-3.4.0.jar:/Users/sandeshkini/.m2/repository/cglib/cglib-nodep/3.2.4/cglib-nodep-3.2.4.jar:/Users/sandeshkini/.m2/repository/org/apache/commons/commons-exec/1.3/commons-exec-1.3.jar:/Users/sandeshkini/.m2/repository/commons-codec/commons-codec/1.10/commons-codec-1.10.jar:/Users/sandeshkini/.m2/repository/commons-io/commons-io/2.5/commons-io-2.5.jar:/Users/sandeshkini/.m2/repository/commons-logging/commons-logging/1.2/commons-logging-1.2.jar:/Users/sandeshkini/.m2/repository/org/w3c/css/sac/1.3/sac-1.3.jar:/Users/sandeshkini/.m2/repository/net/sourceforge/cssparser/cssparser/0.9.22/cssparser-0.9.22.jar:/Users/sandeshkini/.m2/repository/com/google/code/gson/gson/2.8.0/gson-2.8.0.jar:/Users/sandeshkini/.m2/repository/com/google/guava/guava/21.0/guava-21.0.jar:/Users/sandeshkini/.m2/repository/org/hamcrest/hamcrest-core/1.3/hamcrest-core-1.3.jar:/Users/sandeshkini/.m2/repository/net/sourceforge/htmlunit/htmlunit/2.26/htmlunit-2.26.jar:/Users/sandeshkini/.m2/repository/net/sourceforge/htmlunit/htmlunit-core-js/2.26/htmlunit-core-js-2.26.jar:/Users/sandeshkini/.m2/repository/net/sourceforge/htmlunit/neko-htmlunit/2.25/neko-htmlunit-2.25.jar:/Users/sandeshkini/.m2/repository/org/apache/httpcomponents/httpclient/4.5.3/httpclient-4.5.3.jar:/Users/sandeshkini/.m2/repository/org/apache/httpcomponents/httpcore/4.4.6/httpcore-4.4.6.jar:/Users/sandeshkini/.m2/repository/org/apache/httpcomponents/httpmime/4.5.3/httpmime-4.5.3.jar:/Users/sandeshkini/.m2/repository/org/eclipse/jetty/jetty-io/9.4.1.v20170120/jetty-io-9.4.1.v20170120.jar:/Users/sandeshkini/.m2/repository/org/eclipse/jetty/jetty-util/9.4.1.v20170120/jetty-util-9.4.1.v20170120.jar:/Users/sandeshkini/.m2/repository/net/java/dev/jna/jna/4.1.0/jna-4.1.0.jar:/Users/sandeshkini/.m2/repository/net/java/dev/jna/jna-platform/4.1.0/jna-platform-4.1.0.jar:/Users/sandeshkini/.m2/repository/com/codeborne/phantomjsdriver/1.4.0/phantomjsdriver-1.4.0.jar:/Users/sandeshkini/.m2/repository/org/seleniumhq/selenium/htmlunit-driver/2.26/htmlunit-driver-2.26.jar:/Users/sandeshkini/.m2/repository/javax/servlet/javax.servlet-api/3.1.0/javax.servlet-api-3.1.0.jar:/Users/sandeshkini/.m2/repository/org/eclipse/jetty/websocket/websocket-api/9.4.3.v20170317/websocket-api-9.4.3.v20170317.jar:/Users/sandeshkini/.m2/repository/org/eclipse/jetty/websocket/websocket-client/9.4.3.v20170317/websocket-client-9.4.3.v20170317.jar:/Users/sandeshkini/.m2/repository/org/eclipse/jetty/jetty-client/9.4.3.v20170317/jetty-client-9.4.3.v20170317.jar:/Users/sandeshkini/.m2/repository/org/eclipse/jetty/jetty-http/9.4.3.v20170317/jetty-http-9.4.3.v20170317.jar:/Users/sandeshkini/.m2/repository/org/eclipse/jetty/websocket/websocket-common/9.4.3.v20170317/websocket-common-9.4.3.v20170317.jar:/Users/sandeshkini/.m2/repository/xalan/serializer/2.7.2/serializer-2.7.2.jar:/Users/sandeshkini/.m2/repository/xalan/xalan/2.7.2/xalan-2.7.2.jar:/Users/sandeshkini/.m2/repository/xerces/xercesImpl/2.11.0/xercesImpl-2.11.0.jar:/Users/sandeshkini/.m2/repository/xml-apis/xml-apis/1.4.01/xml-apis-1.4.01.jar:/Users/sandeshkini/.m2/repository/org/apache/poi/poi-ooxml/3.16/poi-ooxml-3.16.jar:/Users/sandeshkini/.m2/repository/org/apache/poi/poi/3.16/poi-3.16.jar:/Users/sandeshkini/.m2/repository/org/apache/commons/commons-collections4/4.1/commons-collections4-4.1.jar:/Users/sandeshkini/.m2/repository/org/apache/poi/poi-ooxml-schemas/3.16/poi-ooxml-schemas-3.16.jar:/Users/sandeshkini/.m2/repository/org/apache/xmlbeans/xmlbeans/2.6.0/xmlbeans-2.6.0.jar:/Users/sandeshkini/.m2/repository/stax/stax-api/1.0.1/stax-api-1.0.1.jar:/Users/sandeshkini/.m2/repository/com/github/virtuald/curvesapi/1.04/curvesapi-1.04.jar:/Users/sandeshkini/.m2/repository/org/apache/commons/commons-lang3/3.7/commons-lang3-3.7.jar:/Users/sandeshkini/.m2/repository/org/apache/commons/commons-email/1.5/commons-email-1.5.jar:/Users/sandeshkini/.m2/repository/com/sun/mail/javax.mail/1.5.6/javax.mail-1.5.6.jar:/Users/sandeshkini/.m2/repository/javax/activation/activation/1.1/activation-1.1.jar:/Users/sandeshkini/.m2/repository/net/sourceforge/jexcelapi/jxl/2.6.12/jxl-2.6.12.jar:/Users/sandeshkini/.m2/repository/junit/junit/3.8.1/junit-3.8.1.jar:/Users/sandeshkini/.m2/repository/com/relevantcodes/extentreports/2.41.2/extentreports-2.41.2.jar:/Users/sandeshkini/.m2/repository/org/jsoup/jsoup/1.8.3/jsoup-1.8.3.jar:/Users/sandeshkini/.m2/repository/org/xerial/sqlite-jdbc/3.8.11.1/sqlite-jdbc-3.8.11.1.jar:/Users/sandeshkini/.m2/repository/org/freemarker/freemarker/2.3.23/freemarker-2.3.23.jar:/Users/sandeshkini/.m2/repository/org/mongodb/mongodb-driver/3.0.4/mongodb-driver-3.0.4.jar:/Users/sandeshkini/.m2/repository/org/mongodb/bson/3.0.4/bson-3.0.4.jar:/Users/sandeshkini/.m2/repository/org/mongodb/mongodb-driver-core/3.0.4/mongodb-driver-core-3.0.4.jar:/Users/sandeshkini/.m2/repository/log4j/log4j/1.2.17/log4j-1.2.17.jar:"/>
    <property name="sun.cpu.endian" value="little"/>
    <property name="user.home" value="/Users/sandeshkini"/>
    <property name="user.language" value="en"/>
    <property name="java.specification.vendor" value="Oracle Corporation"/>
    <property name="java.version.date" value="2018-07-17"/>
    <property name="java.home" value="/Library/Java/JavaVirtualMachines/jdk-10.0.2.jdk/Contents/Home"/>
    <property name="file.separator" value="/"/>
    <property name="basedir" value="/Users/sandeshkini/git/createTrip/CreateTrip"/>
    <property name="java.vm.compressedOopsMode" value="Zero based"/>
    <property name="line.separator" value="&#10;"/>
    <property name="java.specification.name" value="Java Platform API Specification"/>
    <property name="java.vm.specification.vendor" value="Oracle Corporation"/>
    <property name="java.awt.graphicsenv" value="sun.awt.CGraphicsEnvironment"/>
    <property name="surefire.real.class.path" value="/Users/sandeshkini/git/createTrip/CreateTrip/target/surefire/surefirebooter15317293620619372031.jar"/>
    <property name="sun.management.compiler" value="HotSpot 64-Bit Tiered Compilers"/>
    <property name="ftp.nonProxyHosts" value="local|*.local|169.254/16|*.169.254/16"/>
    <property name="java.runtime.version" value="10.0.2+13"/>
    <property name="user.name" value="sandeshkini"/>
    <property name="path.separator" value=":"/>
    <property name="os.version" value="10.13.6"/>
    <property name="java.runtime.name" value="Java(TM) SE Runtime Environment"/>
    <property name="file.encoding" value="UTF-8"/>
    <property name="java.vm.name" value="Java HotSpot(TM) 64-Bit Server VM"/>
    <property name="java.vendor.version" value="18.3"/>
    <property name="localRepository" value="/Users/sandeshkini/.m2/repository"/>
    <property name="java.vendor.url.bug" value="http://bugreport.java.com/bugreport/"/>
    <property name="java.io.tmpdir" value="/var/folders/sz/fyb33cv97js583220tb8lx240000gn/T/"/>
    <property name="java.version" value="10.0.2"/>
    <property name="user.dir" value="/Users/sandeshkini/git/createTrip/CreateTrip"/>
    <property name="os.arch" value="x86_64"/>
    <property name="java.vm.specification.name" value="Java Virtual Machine Specification"/>
    <property name="java.awt.printerjob" value="sun.lwawt.macosx.CPrinterJob"/>
    <property name="sun.os.patch.level" value="unknown"/>
    <property name="java.library.path" value="/Users/sandeshkini/Library/Java/Extensions:/Library/Java/Extensions:/Network/Library/Java/Extensions:/System/Library/Java/Extensions:/usr/lib/java:."/>
    <property name="java.vendor" value="Oracle Corporation"/>
    <property name="java.vm.info" value="mixed mode"/>
    <property name="java.vm.version" value="10.0.2+13"/>
    <property name="sun.io.unicode.encoding" value="UnicodeBig"/>
    <property name="java.class.version" value="54.0"/>
    <property name="socksNonProxyHosts" value="local|*.local|169.254/16|*.169.254/16"/>
  </properties>
  <testcase name="CreateTestTrip" classname="ZipgoBeta.CreateTrip.CreateTrip" time="164.878"/>
  <testcase name="sendMail" classname="ZipgoBeta.CreateTrip.CreateTrip" time="4.399"/>
</testsuite>