<?xml version="1.0" encoding="UTF-8"?>
<!-- Generated by org.testng.reporters.JUnitReportReporter -->
<testsuite hostname="MacBook-Air.local" failures="0" tests="2" name="ZipgoBeta.CreateTrip.CreateTrip" time="169.278" errors="0" timestamp="25 Feb 2019 05:01:15 GMT" skipped="0">
  <testcase classname="ZipgoBeta.CreateTrip.CreateTrip" name="CreateTestTrip" time="164.344"/>
  <testcase classname="ZipgoBeta.CreateTrip.CreateTrip" name="sendMail" time="4.934"/>
</testsuite> <!-- ZipgoBeta.CreateTrip.CreateTrip -->
