<?xml version="1.0" encoding="UTF-8"?>
<!-- Generated by org.testng.reporters.JUnitReportReporter -->
<testsuite hostname="MacBook-Air.local" failures="0" tests="2" name="ZipgoBeta.CreateTrip.CreateTrip" time="190.178" errors="0" timestamp="23 Feb 2019 03:49:18 GMT" skipped="0">
  <testcase classname="ZipgoBeta.CreateTrip.CreateTrip" name="CreateTestTrip" time="184.868"/>
  <testcase classname="ZipgoBeta.CreateTrip.CreateTrip" name="sendMail" time="5.310"/>
</testsuite> <!-- ZipgoBeta.CreateTrip.CreateTrip -->
