<?xml version="1.0" encoding="UTF-8"?>
<!-- Generated by org.testng.reporters.JUnitReportReporter -->
<testsuite hostname="MacBook-Air.local" failures="0" tests="2" name="ZipgoBeta.CreateTrip.CreateTrip" time="194.925" errors="0" timestamp="21 Feb 2019 04:03:12 GMT" skipped="0">
  <testcase classname="ZipgoBeta.CreateTrip.CreateTrip" name="CreateTestTrip" time="188.197"/>
  <testcase classname="ZipgoBeta.CreateTrip.CreateTrip" name="sendMail" time="6.728"/>
</testsuite> <!-- ZipgoBeta.CreateTrip.CreateTrip -->
