<?xml version="1.0" encoding="UTF-8"?>
<!-- Generated by org.testng.reporters.JUnitReportReporter -->
<testsuite skipped="0" hostname="Prashant-MacBook-Pro-2.local" name="ZipgoBeta.CreateTrip.AppTest" tests="1" failures="0" timestamp="19 Apr 2018 05:02:04 GMT" time="0.089" errors="0">
  <testcase name="testApp" time="0.089" classname="ZipgoBeta.CreateTrip.AppTest"/>
</testsuite> <!-- ZipgoBeta.CreateTrip.AppTest -->
